<?xml version="1.0" encoding="UTF-8"?>
<!-- Generated by org.testng.reporters.JUnitXMLReporter -->
<testsuite hostname="GNOCITNIKHILES" ignored="0" tests="4" failures="0" timestamp="28 Feb 2021 12:10:18 GMT" time="41.978" errors="0">
  <testcase name="EmailBlank" time="5.259" classname="TestSuites"/>
  <testcase name="InLogin" time="5.386" classname="TestSuites"/>
  <testcase name="PasswordBlank" time="5.311" classname="TestSuites"/>
  <testcase name="ValidLogin" time="0.322" classname="TestSuites"/>
</testsuite>
